# JRE version: OpenJDK Runtime Environment (8.0_212-b04) (build 1.8.0_212-release-1586-b04)
# Java VM: OpenJDK 64-Bit Server VM (25.212-b04 mixed mode windows-amd64 compressed oops)
Heap:
 PSYoungGen      total 76288K, used 52930K [0x0000000780980000, 0x0000000785d80000, 0x00000007c0000000)
  eden space 68096K, 65% used [0x0000000780980000,0x00000007835359b0,0x0000000784c00000)
  from space 8192K, 99% used [0x0000000785400000,0x0000000785bfb058,0x0000000785c00000)
  to   space 8192K, 0% used [0x0000000784c00000,0x0000000784c00000,0x0000000785400000)
 ParOldGen       total 162304K, used 57945K [0x0000000701c00000, 0x000000070ba80000, 0x0000000780980000)
  object space 162304K, 35% used [0x0000000701c00000,0x0000000705496638,0x000000070ba80000)
 Metaspace       used 56436K, capacity 57360K, committed 57776K, reserved 1099776K
  class space    used 6590K, capacity 6798K, committed 6832K, reserved 1048576K
GC Heap History (10 events):
Event: 2.578 GC heap before
{Heap before GC invocations=6 (full 2):
 PSYoungGen      total 76288K, used 8172K [0x0000000780980000, 0x0000000785d80000, 0x00000007c0000000)
  eden space 68096K, 0% used [0x0000000780980000,0x0000000780980000,0x0000000784c00000)
  from space 8192K, 99% used [0x0000000785400000,0x0000000785bfb278,0x0000000785c00000)
  to   space 8192K, 0% used [0x0000000784c00000,0x0000000784c00000,0x0000000785400000)
 ParOldGen       total 95744K, used 24744K [0x0000000701c00000, 0x0000000707980000, 0x0000000780980000)
  object space 95744K, 25% used [0x0000000701c00000,0x000000070342a300,0x0000000707980000)
 Metaspace       used 34628K, capacity 35112K, committed 35496K, reserved 1081344K
  class space    used 4416K, capacity 4548K, committed 4656K, reserved 1048576K
Event: 2.627 GC heap after
Heap after GC invocations=6 (full 2):
 PSYoungGen      total 76288K, used 0K [0x0000000780980000, 0x0000000785d80000, 0x00000007c0000000)
  eden space 68096K, 0% used [0x0000000780980000,0x0000000780980000,0x0000000784c00000)
  from space 8192K, 0% used [0x0000000785400000,0x0000000785400000,0x0000000785c00000)
  to   space 8192K, 0% used [0x0000000784c00000,0x0000000784c00000,0x0000000785400000)
 ParOldGen       total 162304K, used 22235K [0x0000000701c00000, 0x000000070ba80000, 0x0000000780980000)
  object space 162304K, 13% used [0x0000000701c00000,0x00000007031b6cc0,0x000000070ba80000)
 Metaspace       used 34628K, capacity 35112K, committed 35496K, reserved 1081344K
  class space    used 4416K, capacity 4548K, committed 4656K, reserved 1048576K
}
Event: 3.370 GC heap before
{Heap before GC invocations=7 (full 2):
 PSYoungGen      total 76288K, used 68096K [0x0000000780980000, 0x0000000785d80000, 0x00000007c0000000)
  eden space 68096K, 100% used [0x0000000780980000,0x0000000784c00000,0x0000000784c00000)
  from space 8192K, 0% used [0x0000000785400000,0x0000000785400000,0x0000000785c00000)
  to   space 8192K, 0% used [0x0000000784c00000,0x0000000784c00000,0x0000000785400000)
 ParOldGen       total 162304K, used 22235K [0x0000000701c00000, 0x000000070ba80000, 0x0000000780980000)
  object space 162304K, 13% used [0x0000000701c00000,0x00000007031b6cc0,0x000000070ba80000)
 Metaspace       used 39942K, capacity 40518K, committed 40880K, reserved 1085440K
  class space    used 5017K, capacity 5169K, committed 5296K, reserved 1048576K
Event: 3.380 GC heap after
Heap after GC invocations=7 (full 2):
 PSYoungGen      total 76288K, used 8171K [0x0000000780980000, 0x0000000785d80000, 0x00000007c0000000)
  eden space 68096K, 0% used [0x0000000780980000,0x0000000780980000,0x0000000784c00000)
  from space 8192K, 99% used [0x0000000784c00000,0x00000007853faf80,0x0000000785400000)
  to   space 8192K, 0% used [0x0000000785400000,0x0000000785400000,0x0000000785c00000)
 ParOldGen       total 162304K, used 27041K [0x0000000701c00000, 0x000000070ba80000, 0x0000000780980000)
  object space 162304K, 16% used [0x0000000701c00000,0x00000007036686c8,0x000000070ba80000)
 Metaspace       used 39942K, capacity 40518K, committed 40880K, reserved 1085440K
  class space    used 5017K, capacity 5169K, committed 5296K, reserved 1048576K
}
Event: 4.323 GC heap before
{Heap before GC invocations=8 (full 2):
 PSYoungGen      total 76288K, used 76267K [0x0000000780980000, 0x0000000785d80000, 0x00000007c0000000)
  eden space 68096K, 100% used [0x0000000780980000,0x0000000784c00000,0x0000000784c00000)
  from space 8192K, 99% used [0x0000000784c00000,0x00000007853faf80,0x0000000785400000)
  to   space 8192K, 0% used [0x0000000785400000,0x0000000785400000,0x0000000785c00000)
 ParOldGen       total 162304K, used 27041K [0x0000000701c00000, 0x000000070ba80000, 0x0000000780980000)
  object space 162304K, 16% used [0x0000000701c00000,0x00000007036686c8,0x000000070ba80000)
 Metaspace       used 43288K, capacity 44006K, committed 44464K, reserved 1087488K
  class space    used 5279K, capacity 5481K, committed 5552K, reserved 1048576K
Event: 4.344 GC heap after
Heap after GC invocations=8 (full 2):
 PSYoungGen      total 76288K, used 8180K [0x0000000780980000, 0x0000000785d80000, 0x00000007c0000000)
  eden space 68096K, 0% used [0x0000000780980000,0x0000000780980000,0x0000000784c00000)
  from space 8192K, 99% used [0x0000000785400000,0x0000000785bfd190,0x0000000785c00000)
  to   space 8192K, 0% used [0x0000000784c00000,0x0000000784c00000,0x0000000785400000)
 ParOldGen       total 162304K, used 40616K [0x0000000701c00000, 0x000000070ba80000, 0x0000000780980000)
  object space 162304K, 25% used [0x0000000701c00000,0x00000007043aa200,0x000000070ba80000)
 Metaspace       used 43288K, capacity 44006K, committed 44464K, reserved 1087488K
  class space    used 5279K, capacity 5481K, committed 5552K, reserved 1048576K
}
Event: 5.768 GC heap before
{Heap before GC invocations=9 (full 2):
 PSYoungGen      total 76288K, used 76276K [0x0000000780980000, 0x0000000785d80000, 0x00000007c0000000)
  eden space 68096K, 100% used [0x0000000780980000,0x0000000784c00000,0x0000000784c00000)
  from space 8192K, 99% used [0x0000000785400000,0x0000000785bfd190,0x0000000785c00000)
  to   space 8192K, 0% used [0x0000000784c00000,0x0000000784c00000,0x0000000785400000)
 ParOldGen       total 162304K, used 40616K [0x0000000701c00000, 0x000000070ba80000, 0x0000000780980000)
  object space 162304K, 25% used [0x0000000701c00000,0x00000007043aa200,0x000000070ba80000)
 Metaspace       used 47052K, capacity 47950K, committed 48432K, reserved 1091584K
  class space    used 5581K, capacity 5809K, committed 5936K, reserved 1048576K
Event: 5.780 GC heap after
Heap after GC invocations=9 (full 2):
 PSYoungGen      total 76288K, used 8186K [0x0000000780980000, 0x0000000785d80000, 0x00000007c0000000)
  eden space 68096K, 0% used [0x0000000780980000,0x0000000780980000,0x0000000784c00000)
  from space 8192K, 99% used [0x0000000784c00000,0x00000007853feb40,0x0000000785400000)
  to   space 8192K, 0% used [0x0000000785400000,0x0000000785400000,0x0000000785c00000)
 ParOldGen       total 162304K, used 50717K [0x0000000701c00000, 0x000000070ba80000, 0x0000000780980000)
  object space 162304K, 31% used [0x0000000701c00000,0x0000000704d87498,0x000000070ba80000)
 Metaspace       used 47052K, capacity 47950K, committed 48432K, reserved 1091584K
  class space    used 5581K, capacity 5809K, committed 5936K, reserved 1048576K
}
Event: 7.257 GC heap before
{Heap before GC invocations=10 (full 2):
 PSYoungGen      total 76288K, used 76282K [0x0000000780980000, 0x0000000785d80000, 0x00000007c0000000)
  eden space 68096K, 100% used [0x0000000780980000,0x0000000784c00000,0x0000000784c00000)
  from space 8192K, 99% used [0x0000000784c00000,0x00000007853feb40,0x0000000785400000)
  to   space 8192K, 0% used [0x0000000785400000,0x0000000785400000,0x0000000785c00000)
 ParOldGen       total 162304K, used 50717K [0x0000000701c00000, 0x000000070ba80000, 0x0000000780980000)
  object space 162304K, 31% used [0x0000000701c00000,0x0000000704d87498,0x000000070ba80000)
 Metaspace       used 50066K, capacity 50974K, committed 51248K, reserved 1093632K
  class space    used 5952K, capacity 6171K, committed 6192K, reserved 1048576K
Event: 7.274 GC heap after
Heap after GC invocations=10 (full 2):
 PSYoungGen      total 76288K, used 8172K [0x0000000780980000, 0x0000000785d80000, 0x00000007c0000000)
  eden space 68096K, 0% used [0x0000000780980000,0x0000000780980000,0x0000000784c00000)
  from space 8192K, 99% used [0x0000000785400000,0x0000000785bfb058,0x0000000785c00000)
  to   space 8192K, 0% used [0x0000000784c00000,0x0000000784c00000,0x0000000785400000)
 ParOldGen       total 162304K, used 57945K [0x0000000701c00000, 0x000000070ba80000, 0x0000000780980000)
  object space 162304K, 35% used [0x0000000701c00000,0x0000000705496638,0x000000070ba80000)
 Metaspace       used 50066K, capacity 50974K, committed 51248K, reserved 1093632K
  class space    used 5952K, capacity 6171K, committed 6192K, reserved 1048576K
}

